<?xml version="1.0" encoding="UTF-8"?>
<!-- Generated by org.testng.reporters.JUnitReportReporter -->
<testsuite hostname="DESKTOP-0PLJKRS" failures="0" tests="3" name="com.Vtiger.PomScripts.VtigerTestCases" time="60.708" errors="0" timestamp="2022-11-07T16:02:18 IST" skipped="0">
  <testcase classname="com.Vtiger.PomScripts.VtigerTestCases" name="CreateContactTestWindowHandle" time="26.870"/>
  <system-out>
    <![CDATA[MukeshContact got inserted]]>
  </system-out>
  <testcase classname="com.Vtiger.PomScripts.VtigerTestCases" name="Tc001_CreateOrgDDTest" time="16.696"/>
  <system-out>
    <![CDATA[QSPHYD941Successfully Entered]]>
  </system-out>
  <testcase classname="com.Vtiger.PomScripts.VtigerTestCases" name="TC001_CreateContact" time="17.142"/>
  <system-out>
    <![CDATA[QSPHYD818SuccessfullyEntered]]>
  </system-out>
</testsuite> <!-- com.Vtiger.PomScripts.VtigerTestCases -->
