<?xml version="1.0" encoding="UTF-8"?>
<!-- Generated by org.testng.reporters.JUnitReportReporter -->
<testsuite hostname="DESKTOP-0PLJKRS" failures="0" tests="1" name="com.Contact.Tc_001_CreateContact_Email_Test" time="23.269" errors="0" timestamp="2022-11-08T12:16:36 IST" skipped="0">
  <testcase classname="com.Contact.Tc_001_CreateContact_Email_Test" name="Tc001_CreateContactwithEmail" time="23.269"/>
  <system-out/>
</testsuite> <!-- com.Contact.Tc_001_CreateContact_Email_Test -->
