<?xml version="1.0" encoding="UTF-8"?>
<!-- Generated by org.testng.reporters.JUnitReportReporter -->
<testsuite hostname="DESKTOP-0PLJKRS" failures="0" tests="1" name="com.Vtiger.PomScripts.Tc_001_CreateOrg_DD_Test" time="14.399" errors="0" timestamp="2022-11-07T15:52:24 IST" skipped="0">
  <testcase classname="com.Vtiger.PomScripts.Tc_001_CreateOrg_DD_Test" name="Tc001_CreateOrgDDTest" time="14.399"/>
  <system-out/>
</testsuite> <!-- com.Vtiger.PomScripts.Tc_001_CreateOrg_DD_Test -->
